<?xml version="1.0" encoding="UTF-8"?>
<!-- Generated by org.testng.reporters.JUnitReportReporter -->
<testsuite skipped="0" hostname="DESKTOP-RUAD0RO" name="com.xyz.hrms.testCases.Test_001" tests="1" failures="0" timestamp="01 Apr 2021 17:16:03 GMT" time="15.098" errors="0">
  <testcase name="Validlogin" time="15.098" classname="com.xyz.hrms.testCases.Test_001"/>
</testsuite> <!-- com.xyz.hrms.testCases.Test_001 -->
