<?xml version="1.0" encoding="UTF-8"?>
<!-- Generated by org.testng.reporters.JUnitReportReporter -->
<testsuite skipped="0" hostname="DESKTOP-RUAD0RO" name="com.xyz.hrms.testCases.DatadrivenTesting" tests="7" failures="0" timestamp="06 Apr 2021 16:55:11 GMT" time="101.645" errors="0">
  <testcase name="invalidCerenditals" time="12.107" classname="com.xyz.hrms.testCases.DatadrivenTesting"/>
  <testcase name="invalidCerenditals" time="13.776" classname="com.xyz.hrms.testCases.DatadrivenTesting"/>
  <testcase name="invalidCerenditals" time="13.803" classname="com.xyz.hrms.testCases.DatadrivenTesting"/>
  <testcase name="invalidCerenditals" time="20.965" classname="com.xyz.hrms.testCases.DatadrivenTesting"/>
  <testcase name="invalidCerenditals" time="11.883" classname="com.xyz.hrms.testCases.DatadrivenTesting"/>
  <testcase name="invalidCerenditals" time="15.468" classname="com.xyz.hrms.testCases.DatadrivenTesting"/>
  <testcase name="invalidCerenditals" time="13.643" classname="com.xyz.hrms.testCases.DatadrivenTesting"/>
</testsuite> <!-- com.xyz.hrms.testCases.DatadrivenTesting -->
