<?xml version="1.0" encoding="UTF-8"?>
<!-- Generated by org.testng.reporters.JUnitReportReporter -->
<testsuite skipped="3" hostname="DESKTOP-RUAD0RO" name="com.xyz.hrms.testCases.Test_001" tests="4" failures="0" timestamp="09 Apr 2021 16:33:08 GMT" time="18.125" errors="0">
  <testcase name="Validlogin" time="18.125" classname="com.xyz.hrms.testCases.Test_001"/>
  <testcase name="inValidUsername" classname="com.xyz.hrms.testCases.Test_001">
    <skipped/>
  </testcase> <!-- inValidUsername -->
  <testcase name="invalidCerenditals" classname="com.xyz.hrms.testCases.Test_001">
    <skipped/>
  </testcase> <!-- invalidCerenditals -->
  <testcase name="inValidpassword" classname="com.xyz.hrms.testCases.Test_001">
    <skipped/>
  </testcase> <!-- inValidpassword -->
</testsuite> <!-- com.xyz.hrms.testCases.Test_001 -->
